<?xml version="1.0" encoding="UTF-8"?>
<!-- Generated by org.testng.reporters.JUnitReportReporter -->
<testsuite skipped="0" hostname="DESKTOP-NBQPCTP" name="com.goibibo.TestClass.LoginGoibibo" tests="1" failures="0" timestamp="2021-04-26T15:12:22 IST" time="7.981" errors="0">
  <testcase name="LOgonGoibiba" time="7.981" classname="com.goibibo.TestClass.LoginGoibibo"/>
  <system-out/>
</testsuite> <!-- com.goibibo.TestClass.LoginGoibibo -->
