<?xml version="1.0" encoding="UTF-8"?>
<!-- Generated by org.testng.reporters.JUnitReportReporter -->
<testsuite skipped="0" hostname="DESKTOP-NBQPCTP" name="com.goibibo.TestClass.Location" tests="1" failures="0" timestamp="2021-04-26T20:00:59 IST" time="6.035" errors="0">
  <testcase name="FromToLoc" time="6.035" classname="com.goibibo.TestClass.Location"/>
  <system-out/>
</testsuite> <!-- com.goibibo.TestClass.Location -->
